2018-01-30 14:44:20.725 ERROR 15553 --- [restartedMain] o.s.b.l.LoggingApplicationListener       : Cannot set level:  for 'org.springframework'
2018-01-30 14:44:23.285  WARN 15553 --- [restartedMain] o.s.b.a.f.FreeMarkerAutoConfiguration    : Cannot find template location(s): [classpath:/templates/] (please add some templates, check your FreeMarker configuration, or set spring.freemarker.checkTemplateLocation=false)
2018-01-30 14:44:38.192  WARN 15553 --- [restartedMain] o.s.b.a.f.FreeMarkerAutoConfiguration    : Cannot find template location(s): [classpath:/templates/] (please add some templates, check your FreeMarker configuration, or set spring.freemarker.checkTemplateLocation=false)
2018-01-30 14:44:50.006  INFO 15553 --- [restartedMain] com.fixed.asset.FixedAssetApplication    : Starting FixedAssetApplication on keen-Latitude-3470 with PID 15553 (/home/keen/work_space/FixedAsset/target/classes started by keen in /home/keen/work_space/FixedAsset)
2018-01-30 14:44:50.006  INFO 15553 --- [restartedMain] com.fixed.asset.FixedAssetApplication    : No active profile set, falling back to default profiles: default
2018-01-30 14:44:50.009  INFO 15553 --- [restartedMain] ationConfigEmbeddedWebApplicationContext : Refreshing org.springframework.boot.context.embedded.AnnotationConfigEmbeddedWebApplicationContext@470a74e4: startup date [Tue Jan 30 14:44:50 CST 2018]; root of context hierarchy
2018-01-30 14:44:50.306  INFO 15553 --- [restartedMain] s.b.c.e.t.TomcatEmbeddedServletContainer : Tomcat initialized with port(s): 8080 (http)
2018-01-30 14:44:50.308  INFO 15553 --- [restartedMain] o.apache.catalina.core.StandardService   : Starting service [Tomcat]
2018-01-30 14:44:50.308  INFO 15553 --- [restartedMain] org.apache.catalina.core.StandardEngine  : Starting Servlet Engine: Apache Tomcat/8.5.23
2018-01-30 14:44:50.312  INFO 15553 --- [localhost-startStop-1] o.a.c.c.C.[Tomcat].[localhost].[/]       : Initializing Spring embedded WebApplicationContext
2018-01-30 14:44:50.313  INFO 15553 --- [localhost-startStop-1] o.s.web.context.ContextLoader            : Root WebApplicationContext: initialization completed in 304 ms
2018-01-30 14:44:50.352  INFO 15553 --- [localhost-startStop-1] o.s.b.w.servlet.FilterRegistrationBean   : Mapping filter: 'characterEncodingFilter' to: [/*]
2018-01-30 14:44:50.353  INFO 15553 --- [localhost-startStop-1] o.s.b.w.servlet.FilterRegistrationBean   : Mapping filter: 'hiddenHttpMethodFilter' to: [/*]
2018-01-30 14:44:50.353  INFO 15553 --- [localhost-startStop-1] o.s.b.w.servlet.FilterRegistrationBean   : Mapping filter: 'httpPutFormContentFilter' to: [/*]
2018-01-30 14:44:50.353  INFO 15553 --- [localhost-startStop-1] o.s.b.w.servlet.FilterRegistrationBean   : Mapping filter: 'requestContextFilter' to: [/*]
2018-01-30 14:44:50.353  INFO 15553 --- [localhost-startStop-1] .s.DelegatingFilterProxyRegistrationBean : Mapping filter: 'springSecurityFilterChain' to: [/*]
2018-01-30 14:44:50.353  INFO 15553 --- [localhost-startStop-1] o.s.b.w.servlet.ServletRegistrationBean  : Mapping servlet: 'dispatcherServlet' to [/]
2018-01-30 14:44:50.542  INFO 15553 --- [restartedMain] s.w.s.m.m.a.RequestMappingHandlerAdapter : Looking for @ControllerAdvice: org.springframework.boot.context.embedded.AnnotationConfigEmbeddedWebApplicationContext@470a74e4: startup date [Tue Jan 30 14:44:50 CST 2018]; root of context hierarchy
2018-01-30 14:44:50.549  INFO 15553 --- [restartedMain] s.w.s.m.m.a.RequestMappingHandlerMapping : Mapped "{[/auth/login],methods=[POST]}" onto public java.lang.Object com.fixed.asset.web.AuthApi.login(com.fixed.asset.model.User)
2018-01-30 14:44:50.550  INFO 15553 --- [restartedMain] s.w.s.m.m.a.RequestMappingHandlerMapping : Mapped "{[/api/user],methods=[POST]}" onto public java.lang.Object com.fixed.asset.web.UserApi.add(com.fixed.asset.model.User)
2018-01-30 14:44:50.552  INFO 15553 --- [restartedMain] s.w.s.m.m.a.RequestMappingHandlerMapping : Mapped "{[/error],produces=[text/html]}" onto public org.springframework.web.servlet.ModelAndView org.springframework.boot.autoconfigure.web.BasicErrorController.errorHtml(javax.servlet.http.HttpServletRequest,javax.servlet.http.HttpServletResponse)
2018-01-30 14:44:50.552  INFO 15553 --- [restartedMain] s.w.s.m.m.a.RequestMappingHandlerMapping : Mapped "{[/error]}" onto public org.springframework.http.ResponseEntity<java.util.Map<java.lang.String, java.lang.Object>> org.springframework.boot.autoconfigure.web.BasicErrorController.error(javax.servlet.http.HttpServletRequest)
2018-01-30 14:44:50.560  INFO 15553 --- [restartedMain] o.s.w.s.handler.SimpleUrlHandlerMapping  : Mapped URL path [/webjars/**] onto handler of type [class org.springframework.web.servlet.resource.ResourceHttpRequestHandler]
2018-01-30 14:44:50.560  INFO 15553 --- [restartedMain] o.s.w.s.handler.SimpleUrlHandlerMapping  : Mapped URL path [/**] onto handler of type [class org.springframework.web.servlet.resource.ResourceHttpRequestHandler]
2018-01-30 14:44:50.572  INFO 15553 --- [restartedMain] o.s.w.s.handler.SimpleUrlHandlerMapping  : Mapped URL path [/**/favicon.ico] onto handler of type [class org.springframework.web.servlet.resource.ResourceHttpRequestHandler]
2018-01-30 14:44:50.601  INFO 15553 --- [restartedMain] o.s.ui.freemarker.SpringTemplateLoader   : SpringTemplateLoader for FreeMarker: using resource loader [org.springframework.boot.context.embedded.AnnotationConfigEmbeddedWebApplicationContext@470a74e4: startup date [Tue Jan 30 14:44:50 CST 2018]; root of context hierarchy] and template loader path [classpath:/templates/]
2018-01-30 14:44:50.602  INFO 15553 --- [restartedMain] o.s.w.s.v.f.FreeMarkerConfigurer         : ClassTemplateLoader for Spring macros added to FreeMarker configuration
2018-01-30 14:44:50.606  WARN 15553 --- [restartedMain] o.s.b.a.f.FreeMarkerAutoConfiguration    : Cannot find template location(s): [classpath:/templates/] (please add some templates, check your FreeMarker configuration, or set spring.freemarker.checkTemplateLocation=false)
2018-01-30 14:44:50.639  INFO 15553 --- [restartedMain] o.s.s.web.DefaultSecurityFilterChain     : Creating filter chain: OrRequestMatcher [requestMatchers=[Ant [pattern='/css/**'], Ant [pattern='/js/**'], Ant [pattern='/images/**'], Ant [pattern='/webjars/**'], Ant [pattern='/**/favicon.ico'], Ant [pattern='/error']]], []
2018-01-30 14:44:50.646  INFO 15553 --- [restartedMain] o.s.s.web.DefaultSecurityFilterChain     : Creating filter chain: OrRequestMatcher [requestMatchers=[Ant [pattern='/**']]], [org.springframework.security.web.context.request.async.WebAsyncManagerIntegrationFilter@4ea4bb65, org.springframework.security.web.context.SecurityContextPersistenceFilter@5c565427, org.springframework.security.web.header.HeaderWriterFilter@393de1df, org.springframework.security.web.authentication.logout.LogoutFilter@59bd5b90, org.springframework.security.web.authentication.www.BasicAuthenticationFilter@3724dbec, org.springframework.security.web.savedrequest.RequestCacheAwareFilter@a6e7bc8, org.springframework.security.web.servletapi.SecurityContextHolderAwareRequestFilter@5c8b4043, org.springframework.security.web.authentication.AnonymousAuthenticationFilter@12eb476a, org.springframework.security.web.session.SessionManagementFilter@60ecabe1, org.springframework.security.web.access.ExceptionTranslationFilter@2b7fa23f, org.springframework.security.web.access.intercept.FilterSecurityInterceptor@6ada625b]
2018-01-30 14:44:50.679  INFO 15553 --- [restartedMain] o.s.b.d.a.OptionalLiveReloadServer       : LiveReload server is running on port 35729
2018-01-30 14:44:50.723  INFO 15553 --- [restartedMain] o.s.j.e.a.AnnotationMBeanExporter        : Registering beans for JMX exposure on startup
2018-01-30 14:44:50.732  INFO 15553 --- [restartedMain] s.b.c.e.t.TomcatEmbeddedServletContainer : Tomcat started on port(s): 8080 (http)
2018-01-30 14:44:50.735  INFO 15553 --- [restartedMain] com.fixed.asset.FixedAssetApplication    : Started FixedAssetApplication in 0.76 seconds (JVM running for 30.989)
2018-01-30 14:45:30.146  INFO 15553 --- [Thread-21] ationConfigEmbeddedWebApplicationContext : Closing org.springframework.boot.context.embedded.AnnotationConfigEmbeddedWebApplicationContext@470a74e4: startup date [Tue Jan 30 14:44:50 CST 2018]; root of context hierarchy
2018-01-30 14:45:30.152  INFO 15553 --- [Thread-21] o.s.j.e.a.AnnotationMBeanExporter        : Unregistering JMX-exposed beans on shutdown
2018-01-30 14:45:30.514  INFO 15553 --- [restartedMain] com.fixed.asset.FixedAssetApplication    : Starting FixedAssetApplication on keen-Latitude-3470 with PID 15553 (/home/keen/work_space/FixedAsset/target/classes started by keen in /home/keen/work_space/FixedAsset)
2018-01-30 14:45:30.514  INFO 15553 --- [restartedMain] com.fixed.asset.FixedAssetApplication    : No active profile set, falling back to default profiles: default
2018-01-30 14:45:30.517  INFO 15553 --- [restartedMain] ationConfigEmbeddedWebApplicationContext : Refreshing org.springframework.boot.context.embedded.AnnotationConfigEmbeddedWebApplicationContext@1d686acd: startup date [Tue Jan 30 14:45:30 CST 2018]; root of context hierarchy
2018-01-30 14:45:30.853  INFO 15553 --- [restartedMain] s.b.c.e.t.TomcatEmbeddedServletContainer : Tomcat initialized with port(s): 8080 (http)
2018-01-30 14:45:30.854  INFO 15553 --- [restartedMain] o.apache.catalina.core.StandardService   : Starting service [Tomcat]
2018-01-30 14:45:30.855  INFO 15553 --- [restartedMain] org.apache.catalina.core.StandardEngine  : Starting Servlet Engine: Apache Tomcat/8.5.23
2018-01-30 14:45:30.860  INFO 15553 --- [localhost-startStop-1] o.a.c.c.C.[Tomcat].[localhost].[/]       : Initializing Spring embedded WebApplicationContext
2018-01-30 14:45:30.860  INFO 15553 --- [localhost-startStop-1] o.s.web.context.ContextLoader            : Root WebApplicationContext: initialization completed in 343 ms
2018-01-30 14:45:30.897  INFO 15553 --- [localhost-startStop-1] o.s.b.w.servlet.FilterRegistrationBean   : Mapping filter: 'characterEncodingFilter' to: [/*]
2018-01-30 14:45:30.898  INFO 15553 --- [localhost-startStop-1] o.s.b.w.servlet.FilterRegistrationBean   : Mapping filter: 'hiddenHttpMethodFilter' to: [/*]
2018-01-30 14:45:30.898  INFO 15553 --- [localhost-startStop-1] o.s.b.w.servlet.FilterRegistrationBean   : Mapping filter: 'httpPutFormContentFilter' to: [/*]
2018-01-30 14:45:30.898  INFO 15553 --- [localhost-startStop-1] o.s.b.w.servlet.FilterRegistrationBean   : Mapping filter: 'requestContextFilter' to: [/*]
2018-01-30 14:45:30.898  INFO 15553 --- [localhost-startStop-1] .s.DelegatingFilterProxyRegistrationBean : Mapping filter: 'springSecurityFilterChain' to: [/*]
2018-01-30 14:45:30.898  INFO 15553 --- [localhost-startStop-1] o.s.b.w.servlet.ServletRegistrationBean  : Mapping servlet: 'dispatcherServlet' to [/]
2018-01-30 14:45:31.074  INFO 15553 --- [restartedMain] s.w.s.m.m.a.RequestMappingHandlerAdapter : Looking for @ControllerAdvice: org.springframework.boot.context.embedded.AnnotationConfigEmbeddedWebApplicationContext@1d686acd: startup date [Tue Jan 30 14:45:30 CST 2018]; root of context hierarchy
2018-01-30 14:45:31.082  INFO 15553 --- [restartedMain] s.w.s.m.m.a.RequestMappingHandlerMapping : Mapped "{[/auth/login],methods=[POST]}" onto public java.lang.Object com.fixed.asset.web.AuthApi.login(com.fixed.asset.model.User)
2018-01-30 14:45:31.083  INFO 15553 --- [restartedMain] s.w.s.m.m.a.RequestMappingHandlerMapping : Mapped "{[/api/user],methods=[POST]}" onto public java.lang.Object com.fixed.asset.web.UserApi.add(com.fixed.asset.model.User)
2018-01-30 14:45:31.084  INFO 15553 --- [restartedMain] s.w.s.m.m.a.RequestMappingHandlerMapping : Mapped "{[/error],produces=[text/html]}" onto public org.springframework.web.servlet.ModelAndView org.springframework.boot.autoconfigure.web.BasicErrorController.errorHtml(javax.servlet.http.HttpServletRequest,javax.servlet.http.HttpServletResponse)
2018-01-30 14:45:31.084  INFO 15553 --- [restartedMain] s.w.s.m.m.a.RequestMappingHandlerMapping : Mapped "{[/error]}" onto public org.springframework.http.ResponseEntity<java.util.Map<java.lang.String, java.lang.Object>> org.springframework.boot.autoconfigure.web.BasicErrorController.error(javax.servlet.http.HttpServletRequest)
2018-01-30 14:45:31.092  INFO 15553 --- [restartedMain] o.s.w.s.handler.SimpleUrlHandlerMapping  : Mapped URL path [/webjars/**] onto handler of type [class org.springframework.web.servlet.resource.ResourceHttpRequestHandler]
2018-01-30 14:45:31.092  INFO 15553 --- [restartedMain] o.s.w.s.handler.SimpleUrlHandlerMapping  : Mapped URL path [/**] onto handler of type [class org.springframework.web.servlet.resource.ResourceHttpRequestHandler]
2018-01-30 14:45:31.102  INFO 15553 --- [restartedMain] o.s.w.s.handler.SimpleUrlHandlerMapping  : Mapped URL path [/**/favicon.ico] onto handler of type [class org.springframework.web.servlet.resource.ResourceHttpRequestHandler]
2018-01-30 14:45:31.130  INFO 15553 --- [restartedMain] o.s.ui.freemarker.SpringTemplateLoader   : SpringTemplateLoader for FreeMarker: using resource loader [org.springframework.boot.context.embedded.AnnotationConfigEmbeddedWebApplicationContext@1d686acd: startup date [Tue Jan 30 14:45:30 CST 2018]; root of context hierarchy] and template loader path [classpath:/templates/]
2018-01-30 14:45:31.131  INFO 15553 --- [restartedMain] o.s.w.s.v.f.FreeMarkerConfigurer         : ClassTemplateLoader for Spring macros added to FreeMarker configuration
2018-01-30 14:45:31.133  WARN 15553 --- [restartedMain] o.s.b.a.f.FreeMarkerAutoConfiguration    : Cannot find template location(s): [classpath:/templates/] (please add some templates, check your FreeMarker configuration, or set spring.freemarker.checkTemplateLocation=false)
2018-01-30 14:45:31.165  INFO 15553 --- [restartedMain] o.s.s.web.DefaultSecurityFilterChain     : Creating filter chain: OrRequestMatcher [requestMatchers=[Ant [pattern='/css/**'], Ant [pattern='/js/**'], Ant [pattern='/images/**'], Ant [pattern='/webjars/**'], Ant [pattern='/**/favicon.ico'], Ant [pattern='/error']]], []
2018-01-30 14:45:31.172  INFO 15553 --- [restartedMain] o.s.s.web.DefaultSecurityFilterChain     : Creating filter chain: OrRequestMatcher [requestMatchers=[Ant [pattern='/**']]], [org.springframework.security.web.context.request.async.WebAsyncManagerIntegrationFilter@1f2ff018, org.springframework.security.web.context.SecurityContextPersistenceFilter@f2e9611, org.springframework.security.web.header.HeaderWriterFilter@64d923f, org.springframework.security.web.authentication.logout.LogoutFilter@3855508c, org.springframework.security.web.authentication.www.BasicAuthenticationFilter@43b0c789, org.springframework.security.web.savedrequest.RequestCacheAwareFilter@a007b54, org.springframework.security.web.servletapi.SecurityContextHolderAwareRequestFilter@60b6cc41, org.springframework.security.web.authentication.AnonymousAuthenticationFilter@de1205b, org.springframework.security.web.session.SessionManagementFilter@59602b70, org.springframework.security.web.access.ExceptionTranslationFilter@2d0ff67, org.springframework.security.web.access.intercept.FilterSecurityInterceptor@4b6b375b]
2018-01-30 14:45:31.197  INFO 15553 --- [restartedMain] o.s.b.d.a.OptionalLiveReloadServer       : LiveReload server is running on port 35729
2018-01-30 14:45:31.239  INFO 15553 --- [restartedMain] o.s.j.e.a.AnnotationMBeanExporter        : Registering beans for JMX exposure on startup
2018-01-30 14:45:31.251  INFO 15553 --- [restartedMain] s.b.c.e.t.TomcatEmbeddedServletContainer : Tomcat started on port(s): 8080 (http)
2018-01-30 14:45:31.254  INFO 15553 --- [restartedMain] com.fixed.asset.FixedAssetApplication    : Started FixedAssetApplication in 0.783 seconds (JVM running for 71.508)
2018-01-30 14:46:22.643  INFO 15553 --- [RMI TCP Connection(16)-127.0.0.1] inMXBeanRegistrar$SpringApplicationAdmin : Application shutdown requested.
2018-01-30 14:46:22.643  INFO 15553 --- [RMI TCP Connection(16)-127.0.0.1] ationConfigEmbeddedWebApplicationContext : Closing org.springframework.boot.context.embedded.AnnotationConfigEmbeddedWebApplicationContext@1d686acd: startup date [Tue Jan 30 14:45:30 CST 2018]; root of context hierarchy
2018-01-30 14:46:22.645  INFO 15553 --- [RMI TCP Connection(16)-127.0.0.1] o.s.j.e.a.AnnotationMBeanExporter        : Unregistering JMX-exposed beans on shutdown
2018-01-30 14:46:27.070  INFO 15850 --- [restartedMain] com.fixed.asset.FixedAssetApplication    : Starting FixedAssetApplication on keen-Latitude-3470 with PID 15850 (/home/keen/work_space/FixedAsset/target/classes started by keen in /home/keen/work_space/FixedAsset)
2018-01-30 14:46:27.071  INFO 15850 --- [restartedMain] com.fixed.asset.FixedAssetApplication    : No active profile set, falling back to default profiles: default
2018-01-30 14:46:27.113  INFO 15850 --- [restartedMain] ationConfigEmbeddedWebApplicationContext : Refreshing org.springframework.boot.context.embedded.AnnotationConfigEmbeddedWebApplicationContext@72eb5837: startup date [Tue Jan 30 14:46:27 CST 2018]; root of context hierarchy
2018-01-30 14:46:28.284  INFO 15850 --- [restartedMain] s.b.c.e.t.TomcatEmbeddedServletContainer : Tomcat initialized with port(s): 8080 (http)
2018-01-30 14:46:28.293  INFO 15850 --- [restartedMain] o.apache.catalina.core.StandardService   : Starting service [Tomcat]
2018-01-30 14:46:28.294  INFO 15850 --- [restartedMain] org.apache.catalina.core.StandardEngine  : Starting Servlet Engine: Apache Tomcat/8.5.23
2018-01-30 14:46:28.346  INFO 15850 --- [localhost-startStop-1] o.a.c.c.C.[Tomcat].[localhost].[/]       : Initializing Spring embedded WebApplicationContext
2018-01-30 14:46:28.346  INFO 15850 --- [localhost-startStop-1] o.s.web.context.ContextLoader            : Root WebApplicationContext: initialization completed in 1235 ms
2018-01-30 14:46:28.497  INFO 15850 --- [localhost-startStop-1] o.s.b.w.servlet.FilterRegistrationBean   : Mapping filter: 'characterEncodingFilter' to: [/*]
2018-01-30 14:46:28.497  INFO 15850 --- [localhost-startStop-1] o.s.b.w.servlet.FilterRegistrationBean   : Mapping filter: 'hiddenHttpMethodFilter' to: [/*]
2018-01-30 14:46:28.498  INFO 15850 --- [localhost-startStop-1] o.s.b.w.servlet.FilterRegistrationBean   : Mapping filter: 'httpPutFormContentFilter' to: [/*]
2018-01-30 14:46:28.498  INFO 15850 --- [localhost-startStop-1] o.s.b.w.servlet.FilterRegistrationBean   : Mapping filter: 'requestContextFilter' to: [/*]
2018-01-30 14:46:28.499  INFO 15850 --- [localhost-startStop-1] .s.DelegatingFilterProxyRegistrationBean : Mapping filter: 'springSecurityFilterChain' to: [/*]
2018-01-30 14:46:28.499  INFO 15850 --- [localhost-startStop-1] o.s.b.w.servlet.ServletRegistrationBean  : Mapping servlet: 'dispatcherServlet' to [/]
2018-01-30 14:46:29.181  INFO 15850 --- [restartedMain] s.w.s.m.m.a.RequestMappingHandlerAdapter : Looking for @ControllerAdvice: org.springframework.boot.context.embedded.AnnotationConfigEmbeddedWebApplicationContext@72eb5837: startup date [Tue Jan 30 14:46:27 CST 2018]; root of context hierarchy
2018-01-30 14:46:29.247  INFO 15850 --- [restartedMain] s.w.s.m.m.a.RequestMappingHandlerMapping : Mapped "{[/auth/login],methods=[POST]}" onto public java.lang.Object com.fixed.asset.web.AuthApi.login(com.fixed.asset.model.User)
2018-01-30 14:46:29.250  INFO 15850 --- [restartedMain] s.w.s.m.m.a.RequestMappingHandlerMapping : Mapped "{[/api/user],methods=[POST]}" onto public java.lang.Object com.fixed.asset.web.UserApi.add(com.fixed.asset.model.User)
2018-01-30 14:46:29.253  INFO 15850 --- [restartedMain] s.w.s.m.m.a.RequestMappingHandlerMapping : Mapped "{[/error],produces=[text/html]}" onto public org.springframework.web.servlet.ModelAndView org.springframework.boot.autoconfigure.web.BasicErrorController.errorHtml(javax.servlet.http.HttpServletRequest,javax.servlet.http.HttpServletResponse)
2018-01-30 14:46:29.254  INFO 15850 --- [restartedMain] s.w.s.m.m.a.RequestMappingHandlerMapping : Mapped "{[/error]}" onto public org.springframework.http.ResponseEntity<java.util.Map<java.lang.String, java.lang.Object>> org.springframework.boot.autoconfigure.web.BasicErrorController.error(javax.servlet.http.HttpServletRequest)
2018-01-30 14:46:29.291  INFO 15850 --- [restartedMain] o.s.w.s.handler.SimpleUrlHandlerMapping  : Mapped URL path [/webjars/**] onto handler of type [class org.springframework.web.servlet.resource.ResourceHttpRequestHandler]
2018-01-30 14:46:29.292  INFO 15850 --- [restartedMain] o.s.w.s.handler.SimpleUrlHandlerMapping  : Mapped URL path [/**] onto handler of type [class org.springframework.web.servlet.resource.ResourceHttpRequestHandler]
2018-01-30 14:46:29.346  INFO 15850 --- [restartedMain] o.s.w.s.handler.SimpleUrlHandlerMapping  : Mapped URL path [/**/favicon.ico] onto handler of type [class org.springframework.web.servlet.resource.ResourceHttpRequestHandler]
2018-01-30 14:46:29.508  INFO 15850 --- [restartedMain] o.s.ui.freemarker.SpringTemplateLoader   : SpringTemplateLoader for FreeMarker: using resource loader [org.springframework.boot.context.embedded.AnnotationConfigEmbeddedWebApplicationContext@72eb5837: startup date [Tue Jan 30 14:46:27 CST 2018]; root of context hierarchy] and template loader path [classpath:/templates/]
2018-01-30 14:46:29.509  INFO 15850 --- [restartedMain] o.s.w.s.v.f.FreeMarkerConfigurer         : ClassTemplateLoader for Spring macros added to FreeMarker configuration
2018-01-30 14:46:29.530  WARN 15850 --- [restartedMain] o.s.b.a.f.FreeMarkerAutoConfiguration    : Cannot find template location(s): [classpath:/templates/] (please add some templates, check your FreeMarker configuration, or set spring.freemarker.checkTemplateLocation=false)
2018-01-30 14:46:29.716  INFO 15850 --- [restartedMain] o.s.s.web.DefaultSecurityFilterChain     : Creating filter chain: OrRequestMatcher [requestMatchers=[Ant [pattern='/css/**'], Ant [pattern='/js/**'], Ant [pattern='/images/**'], Ant [pattern='/webjars/**'], Ant [pattern='/**/favicon.ico'], Ant [pattern='/error']]], []
2018-01-30 14:46:29.779  INFO 15850 --- [restartedMain] o.s.s.web.DefaultSecurityFilterChain     : Creating filter chain: OrRequestMatcher [requestMatchers=[Ant [pattern='/**']]], [org.springframework.security.web.context.request.async.WebAsyncManagerIntegrationFilter@7d94bd69, org.springframework.security.web.context.SecurityContextPersistenceFilter@1e867e58, org.springframework.security.web.header.HeaderWriterFilter@32b86cdd, org.springframework.security.web.authentication.logout.LogoutFilter@62037a3c, org.springframework.security.web.authentication.www.BasicAuthenticationFilter@7ac686ab, org.springframework.security.web.savedrequest.RequestCacheAwareFilter@26a52371, org.springframework.security.web.servletapi.SecurityContextHolderAwareRequestFilter@c9d6781, org.springframework.security.web.authentication.AnonymousAuthenticationFilter@16f360a5, org.springframework.security.web.session.SessionManagementFilter@77fa477d, org.springframework.security.web.access.ExceptionTranslationFilter@7fe27a07, org.springframework.security.web.access.intercept.FilterSecurityInterceptor@17c56d7a]
2018-01-30 14:46:29.922  INFO 15850 --- [restartedMain] o.s.b.d.a.OptionalLiveReloadServer       : LiveReload server is running on port 35729
2018-01-30 14:46:29.974  INFO 15850 --- [restartedMain] o.s.j.e.a.AnnotationMBeanExporter        : Registering beans for JMX exposure on startup
2018-01-30 14:46:30.017  INFO 15850 --- [restartedMain] s.b.c.e.t.TomcatEmbeddedServletContainer : Tomcat started on port(s): 8080 (http)
2018-01-30 14:46:30.022  INFO 15850 --- [restartedMain] com.fixed.asset.FixedAssetApplication    : Started FixedAssetApplication in 3.201 seconds (JVM running for 3.716)
2018-01-30 15:31:33.202  INFO 15850 --- [Thread-7] ationConfigEmbeddedWebApplicationContext : Closing org.springframework.boot.context.embedded.AnnotationConfigEmbeddedWebApplicationContext@72eb5837: startup date [Tue Jan 30 14:46:27 CST 2018]; root of context hierarchy
2018-01-30 15:31:33.213  INFO 15850 --- [Thread-7] o.s.j.e.a.AnnotationMBeanExporter        : Unregistering JMX-exposed beans on shutdown
2018-01-30 15:31:33.641  INFO 15850 --- [restartedMain] com.fixed.asset.FixedAssetApplication    : Starting FixedAssetApplication on keen-Latitude-3470 with PID 15850 (/home/keen/work_space/FixedAsset/target/classes started by keen in /home/keen/work_space/FixedAsset)
2018-01-30 15:31:33.642  INFO 15850 --- [restartedMain] com.fixed.asset.FixedAssetApplication    : No active profile set, falling back to default profiles: default
2018-01-30 15:31:33.646  INFO 15850 --- [restartedMain] ationConfigEmbeddedWebApplicationContext : Refreshing org.springframework.boot.context.embedded.AnnotationConfigEmbeddedWebApplicationContext@225066db: startup date [Tue Jan 30 15:31:33 CST 2018]; root of context hierarchy
2018-01-30 15:31:34.188  INFO 15850 --- [restartedMain] s.b.c.e.t.TomcatEmbeddedServletContainer : Tomcat initialized with port(s): 8080 (http)
2018-01-30 15:31:34.189  INFO 15850 --- [restartedMain] o.apache.catalina.core.StandardService   : Starting service [Tomcat]
2018-01-30 15:31:34.189  INFO 15850 --- [restartedMain] org.apache.catalina.core.StandardEngine  : Starting Servlet Engine: Apache Tomcat/8.5.23
2018-01-30 15:31:34.198  INFO 15850 --- [localhost-startStop-1] o.a.c.c.C.[Tomcat].[localhost].[/]       : Initializing Spring embedded WebApplicationContext
2018-01-30 15:31:34.198  INFO 15850 --- [localhost-startStop-1] o.s.web.context.ContextLoader            : Root WebApplicationContext: initialization completed in 552 ms
2018-01-30 15:31:34.274  INFO 15850 --- [localhost-startStop-1] o.s.b.w.servlet.FilterRegistrationBean   : Mapping filter: 'characterEncodingFilter' to: [/*]
2018-01-30 15:31:34.274  INFO 15850 --- [localhost-startStop-1] o.s.b.w.servlet.FilterRegistrationBean   : Mapping filter: 'hiddenHttpMethodFilter' to: [/*]
2018-01-30 15:31:34.274  INFO 15850 --- [localhost-startStop-1] o.s.b.w.servlet.FilterRegistrationBean   : Mapping filter: 'httpPutFormContentFilter' to: [/*]
2018-01-30 15:31:34.274  INFO 15850 --- [localhost-startStop-1] o.s.b.w.servlet.FilterRegistrationBean   : Mapping filter: 'requestContextFilter' to: [/*]
2018-01-30 15:31:34.274  INFO 15850 --- [localhost-startStop-1] .s.DelegatingFilterProxyRegistrationBean : Mapping filter: 'springSecurityFilterChain' to: [/*]
2018-01-30 15:31:34.275  INFO 15850 --- [localhost-startStop-1] o.s.b.w.servlet.ServletRegistrationBean  : Mapping servlet: 'dispatcherServlet' to [/]
2018-01-30 15:31:34.568  INFO 15850 --- [restartedMain] s.w.s.m.m.a.RequestMappingHandlerAdapter : Looking for @ControllerAdvice: org.springframework.boot.context.embedded.AnnotationConfigEmbeddedWebApplicationContext@225066db: startup date [Tue Jan 30 15:31:33 CST 2018]; root of context hierarchy
2018-01-30 15:31:34.585  INFO 15850 --- [restartedMain] s.w.s.m.m.a.RequestMappingHandlerMapping : Mapped "{[/auth/login],methods=[POST]}" onto public java.lang.Object com.fixed.asset.web.AuthApi.login(com.fixed.asset.model.User)
2018-01-30 15:31:34.586  INFO 15850 --- [restartedMain] s.w.s.m.m.a.RequestMappingHandlerMapping : Mapped "{[/api/user],methods=[POST]}" onto public java.lang.Object com.fixed.asset.web.UserApi.add(com.fixed.asset.model.User)
2018-01-30 15:31:34.587  INFO 15850 --- [restartedMain] s.w.s.m.m.a.RequestMappingHandlerMapping : Mapped "{[/error],produces=[text/html]}" onto public org.springframework.web.servlet.ModelAndView org.springframework.boot.autoconfigure.web.BasicErrorController.errorHtml(javax.servlet.http.HttpServletRequest,javax.servlet.http.HttpServletResponse)
2018-01-30 15:31:34.588  INFO 15850 --- [restartedMain] s.w.s.m.m.a.RequestMappingHandlerMapping : Mapped "{[/error]}" onto public org.springframework.http.ResponseEntity<java.util.Map<java.lang.String, java.lang.Object>> org.springframework.boot.autoconfigure.web.BasicErrorController.error(javax.servlet.http.HttpServletRequest)
2018-01-30 15:31:34.600  INFO 15850 --- [restartedMain] o.s.w.s.handler.SimpleUrlHandlerMapping  : Mapped URL path [/webjars/**] onto handler of type [class org.springframework.web.servlet.resource.ResourceHttpRequestHandler]
2018-01-30 15:31:34.600  INFO 15850 --- [restartedMain] o.s.w.s.handler.SimpleUrlHandlerMapping  : Mapped URL path [/**] onto handler of type [class org.springframework.web.servlet.resource.ResourceHttpRequestHandler]
2018-01-30 15:31:34.616  INFO 15850 --- [restartedMain] o.s.w.s.handler.SimpleUrlHandlerMapping  : Mapped URL path [/**/favicon.ico] onto handler of type [class org.springframework.web.servlet.resource.ResourceHttpRequestHandler]
2018-01-30 15:31:34.654  INFO 15850 --- [restartedMain] o.s.ui.freemarker.SpringTemplateLoader   : SpringTemplateLoader for FreeMarker: using resource loader [org.springframework.boot.context.embedded.AnnotationConfigEmbeddedWebApplicationContext@225066db: startup date [Tue Jan 30 15:31:33 CST 2018]; root of context hierarchy] and template loader path [classpath:/templates/]
2018-01-30 15:31:34.654  INFO 15850 --- [restartedMain] o.s.w.s.v.f.FreeMarkerConfigurer         : ClassTemplateLoader for Spring macros added to FreeMarker configuration
2018-01-30 15:31:34.660  WARN 15850 --- [restartedMain] o.s.b.a.f.FreeMarkerAutoConfiguration    : Cannot find template location(s): [classpath:/templates/] (please add some templates, check your FreeMarker configuration, or set spring.freemarker.checkTemplateLocation=false)
2018-01-30 15:31:34.719  INFO 15850 --- [restartedMain] o.s.s.web.DefaultSecurityFilterChain     : Creating filter chain: OrRequestMatcher [requestMatchers=[Ant [pattern='/css/**'], Ant [pattern='/js/**'], Ant [pattern='/images/**'], Ant [pattern='/webjars/**'], Ant [pattern='/**/favicon.ico'], Ant [pattern='/error']]], []
2018-01-30 15:31:34.729  INFO 15850 --- [restartedMain] o.s.s.web.DefaultSecurityFilterChain     : Creating filter chain: OrRequestMatcher [requestMatchers=[Ant [pattern='/**']]], [org.springframework.security.web.context.request.async.WebAsyncManagerIntegrationFilter@27cc42e4, org.springframework.security.web.context.SecurityContextPersistenceFilter@79f2db48, org.springframework.security.web.header.HeaderWriterFilter@66444eb2, org.springframework.security.web.authentication.logout.LogoutFilter@56a976b3, org.springframework.security.web.authentication.www.BasicAuthenticationFilter@39eedfb5, org.springframework.security.web.savedrequest.RequestCacheAwareFilter@7644fe4d, org.springframework.security.web.servletapi.SecurityContextHolderAwareRequestFilter@32b11fe9, org.springframework.security.web.authentication.AnonymousAuthenticationFilter@1aebd07d, org.springframework.security.web.session.SessionManagementFilter@47a47b0f, org.springframework.security.web.access.ExceptionTranslationFilter@920c338, org.springframework.security.web.access.intercept.FilterSecurityInterceptor@2069c3]
2018-01-30 15:31:34.774  INFO 15850 --- [restartedMain] o.s.b.d.a.OptionalLiveReloadServer       : LiveReload server is running on port 35729
2018-01-30 15:31:34.827  INFO 15850 --- [restartedMain] o.s.j.e.a.AnnotationMBeanExporter        : Registering beans for JMX exposure on startup
2018-01-30 15:31:34.838  INFO 15850 --- [restartedMain] s.b.c.e.t.TomcatEmbeddedServletContainer : Tomcat started on port(s): 8080 (http)
2018-01-30 15:31:34.846  INFO 15850 --- [restartedMain] com.fixed.asset.FixedAssetApplication    : Started FixedAssetApplication in 1.291 seconds (JVM running for 2708.54)
2018-01-30 15:52:42.955  INFO 15850 --- [Thread-15] ationConfigEmbeddedWebApplicationContext : Closing org.springframework.boot.context.embedded.AnnotationConfigEmbeddedWebApplicationContext@225066db: startup date [Tue Jan 30 15:31:33 CST 2018]; root of context hierarchy
2018-01-30 15:52:42.963  INFO 15850 --- [Thread-15] o.s.j.e.a.AnnotationMBeanExporter        : Unregistering JMX-exposed beans on shutdown
